<?xml version="1.0" encoding="UTF-8"?>
<testng-results skipped="0" failed="0" ignored="0" total="1" passed="1">
  <reporter-output>
  </reporter-output>
  <suite name="Default suite" duration-ms="20955" started-at="2017-08-09T18:58:01Z" finished-at="2017-08-09T18:58:22Z">
    <groups>
    </groups>
    <test name="Default test" duration-ms="20955" started-at="2017-08-09T18:58:01Z" finished-at="2017-08-09T18:58:22Z">
      <class name="Wait.FluentWaitDemo">
        <test-method status="PASS" signature="setUp()[pri:0, instance:Wait.FluentWaitDemo@68c4039c]" name="setUp" is-config="true" duration-ms="12303" started-at="2017-08-09T21:58:01Z" finished-at="2017-08-09T21:58:14Z">
          <reporter-output>
          </reporter-output>
        </test-method> <!-- setUp -->
        <test-method status="PASS" signature="FlWait()[pri:0, instance:Wait.FluentWaitDemo@68c4039c]" name="FlWait" duration-ms="6879" started-at="2017-08-09T21:58:14Z" finished-at="2017-08-09T21:58:21Z">
          <reporter-output>
          </reporter-output>
        </test-method> <!-- FlWait -->
        <test-method status="PASS" signature="tearDown()[pri:0, instance:Wait.FluentWaitDemo@68c4039c]" name="tearDown" is-config="true" duration-ms="1717" started-at="2017-08-09T21:58:21Z" finished-at="2017-08-09T21:58:22Z">
          <reporter-output>
          </reporter-output>
        </test-method> <!-- tearDown -->
      </class> <!-- Wait.FluentWaitDemo -->
    </test> <!-- Default test -->
  </suite> <!-- Default suite -->
</testng-results>
